{
  "stats": {
    "suites": 9,
    "tests": 9,
    "passes": 0,
    "pending": 0,
    "failures": 9,
    "start": "2022-11-29T20:26:20.194Z",
    "end": "2022-11-29T20:26:40.268Z",
    "duration": 20074,
    "testsRegistered": 9,
    "passPercent": 0,
    "pendingPercent": 0,
    "other": 0,
    "hasOther": false,
    "skipped": 0,
    "hasSkipped": false
  },
  "results": [
    {
      "uuid": "417016ee-bb44-4750-9005-c027c0e2706a",
      "title": "",
      "fullFile": "",
      "file": "",
      "beforeHooks": [],
      "afterHooks": [
        {
          "title": "\"after all\" hook in \"{root}\"",
          "fullTitle": "\"after all\" hook in \"{root}\"",
          "timedOut": false,
          "duration": 0,
          "state": null,
          "speed": null,
          "pass": false,
          "fail": false,
          "pending": false,
          "context": null,
          "code": "done();",
          "err": {},
          "uuid": "fc0803c7-598d-45fe-bc54-f397f1b9e125",
          "parentUUID": "417016ee-bb44-4750-9005-c027c0e2706a",
          "isHook": true,
          "skipped": false
        }
      ],
      "tests": [],
      "suites": [
        {
          "uuid": "40507be1-b055-4dfd-904d-75ca43cf2dd6",
          "title": "POST /api/mekanlar",
          "fullFile": "C:\\Users\\Baki\\Desktop\\mekanbul\\test.js",
          "file": "\\test.js",
          "beforeHooks": [],
          "afterHooks": [],
          "tests": [
            {
              "title": "Yeni mekan ekle:",
              "fullTitle": "POST /api/mekanlar Yeni mekan ekle:",
              "timedOut": true,
              "duration": 10010,
              "state": "failed",
              "speed": null,
              "pass": false,
              "fail": true,
              "pending": false,
              "context": null,
              "code": "const response = await request.post(\"/api/mekanlar\").send({\n  ad: \"Starbucks\",\n  adres: \"Centrum Garden\",\n  puan: 5,\n  imkanlar: \"çay,kahve,pasta\",\n  enlem: 37.83226584629666,\n  boylam: 30.524732239878013,\n  gunler1: \"Pazartesi-Cuma\",\n  acilis1: \"9:00\",\n  kapanis1: \"23:00\",\n  kapali1: false,\n  gunler2: \"Cumartesi-Pazar\",\n  acilis2: \"11:00\",\n  kapanis2: \"17:00\",\n  kapali2: false,\n});\nexpect(response.status).to.eql(201);\nprocess.env.mekanid = response.body._id;",
              "err": {
                "message": "Error: Timeout of 10000ms exceeded. For async tests and hooks, ensure \"done()\" is called; if returning a Promise, ensure it resolves. (C:\\Users\\Baki\\Desktop\\mekanbul\\test.js)",
                "estack": "Error: Timeout of 10000ms exceeded. For async tests and hooks, ensure \"done()\" is called; if returning a Promise, ensure it resolves. (C:\\Users\\Baki\\Desktop\\mekanbul\\test.js)\n    at listOnTimeout (node:internal/timers:564:17)\n    at process.processTimers (node:internal/timers:507:7)",
                "diff": null
              },
              "uuid": "f154fb9c-4ceb-43a4-8233-e122da1265a9",
              "parentUUID": "40507be1-b055-4dfd-904d-75ca43cf2dd6",
              "isHook": false,
              "skipped": false
            }
          ],
          "suites": [],
          "passes": [],
          "failures": [
            "f154fb9c-4ceb-43a4-8233-e122da1265a9"
          ],
          "pending": [],
          "skipped": [],
          "duration": 10010,
          "root": false,
          "rootEmpty": false,
          "_timeout": 10000
        },
        {
          "uuid": "ef754d45-71d7-48b8-bbac-97cbdae2089a",
          "title": "GET /api/mekanlar",
          "fullFile": "C:\\Users\\Baki\\Desktop\\mekanbul\\test.js",
          "file": "\\test.js",
          "beforeHooks": [],
          "afterHooks": [],
          "tests": [
            {
              "title": "Girilen konum civarındaki tüm mekanları listele:",
              "fullTitle": "GET /api/mekanlar Girilen konum civarındaki tüm mekanları listele:",
              "timedOut": true,
              "duration": 10005,
              "state": "failed",
              "speed": null,
              "pass": false,
              "fail": true,
              "pending": false,
              "context": null,
              "code": "const response = await request.get(\"/api/mekanlar?enlem=37&boylam=35\");\nexpect(response.status).to.eql(200);",
              "err": {
                "message": "Error: Timeout of 10000ms exceeded. For async tests and hooks, ensure \"done()\" is called; if returning a Promise, ensure it resolves. (C:\\Users\\Baki\\Desktop\\mekanbul\\test.js)",
                "estack": "Error: Timeout of 10000ms exceeded. For async tests and hooks, ensure \"done()\" is called; if returning a Promise, ensure it resolves. (C:\\Users\\Baki\\Desktop\\mekanbul\\test.js)\n    at listOnTimeout (node:internal/timers:564:17)\n    at process.processTimers (node:internal/timers:507:7)",
                "diff": null
              },
              "uuid": "cb5c3ff5-2422-46ab-aad1-333d546c28b1",
              "parentUUID": "ef754d45-71d7-48b8-bbac-97cbdae2089a",
              "isHook": false,
              "skipped": false
            }
          ],
          "suites": [],
          "passes": [],
          "failures": [
            "cb5c3ff5-2422-46ab-aad1-333d546c28b1"
          ],
          "pending": [],
          "skipped": [],
          "duration": 10005,
          "root": false,
          "rootEmpty": false,
          "_timeout": 10000
        },
        {
          "uuid": "832f6965-e9dc-4c15-bec0-f056e4dbebaa",
          "title": "GET /api/mekanlar/:mekanid",
          "fullFile": "C:\\Users\\Baki\\Desktop\\mekanbul\\test.js",
          "file": "\\test.js",
          "beforeHooks": [],
          "afterHooks": [],
          "tests": [
            {
              "title": "Mekan getir:",
              "fullTitle": "GET /api/mekanlar/:mekanid Mekan getir:",
              "timedOut": false,
              "duration": 9,
              "state": "failed",
              "speed": null,
              "pass": false,
              "fail": true,
              "pending": false,
              "context": null,
              "code": "const response = await request.get(`/api/mekanlar/${process.env.mekanid}`);\nexpect(response.status).to.eql(200);",
              "err": {
                "message": "AssertionError: expected 404 to deeply equal 200",
                "estack": "AssertionError: expected 404 to deeply equal 200\n    at Context.<anonymous> (test.js:37:32)\n    at process.processTicksAndRejections (node:internal/process/task_queues:95:5)",
                "diff": "- 404\n+ 200\n"
              },
              "uuid": "fa7e21e1-9779-4d27-917a-171a38768bdd",
              "parentUUID": "832f6965-e9dc-4c15-bec0-f056e4dbebaa",
              "isHook": false,
              "skipped": false
            }
          ],
          "suites": [],
          "passes": [],
          "failures": [
            "fa7e21e1-9779-4d27-917a-171a38768bdd"
          ],
          "pending": [],
          "skipped": [],
          "duration": 9,
          "root": false,
          "rootEmpty": false,
          "_timeout": 10000
        },
        {
          "uuid": "6c0b63af-2fed-41eb-afe0-dd5f6b05f6d5",
          "title": "PUT /api/mekanlar/:mekanid",
          "fullFile": "C:\\Users\\Baki\\Desktop\\mekanbul\\test.js",
          "file": "\\test.js",
          "beforeHooks": [],
          "afterHooks": [],
          "tests": [
            {
              "title": "Mekan Güncelle:",
              "fullTitle": "PUT /api/mekanlar/:mekanid Mekan Güncelle:",
              "timedOut": false,
              "duration": 6,
              "state": "failed",
              "speed": null,
              "pass": false,
              "fail": true,
              "pending": false,
              "context": null,
              "code": "const response = await request\n  .put(`/api/mekanlar/${process.env.mekanid}`)\n  .send({\n    ad: \"Starbucks SDÜ\",\n    adres: \"SDÜ Doğu Kampüsü\",\n    puan: 3,\n    imkanlar: \"çay,kahve,pasta,refresher\",\n    enlem: 37.8,\n    boylam: 30.5,\n    gunler1: \"Pazartesi-Cuma\",\n    acilis1: \"9:10\",\n    kapanis1: \"23:10\",\n    kapali1: true,\n    gunler2: \"Cumartesi-Pazar\",\n    acilis2: \"11:10\",\n    kapanis2: \"17:10\",\n    kapali2: true,\n  });\nexpect(response.status).to.eql(200);",
              "err": {
                "message": "AssertionError: expected 404 to deeply equal 200",
                "estack": "AssertionError: expected 404 to deeply equal 200\n    at Context.<anonymous> (test.js:61:32)\n    at process.processTicksAndRejections (node:internal/process/task_queues:95:5)",
                "diff": "- 404\n+ 200\n"
              },
              "uuid": "630cba76-7e0c-4605-94d8-9a8688060a18",
              "parentUUID": "6c0b63af-2fed-41eb-afe0-dd5f6b05f6d5",
              "isHook": false,
              "skipped": false
            }
          ],
          "suites": [],
          "passes": [],
          "failures": [
            "630cba76-7e0c-4605-94d8-9a8688060a18"
          ],
          "pending": [],
          "skipped": [],
          "duration": 6,
          "root": false,
          "rootEmpty": false,
          "_timeout": 10000
        },
        {
          "uuid": "3ed573e7-4def-491a-a12c-e5a27fc5c6fb",
          "title": "POST /api/mekanlar/:mekanid/yorumlar",
          "fullFile": "C:\\Users\\Baki\\Desktop\\mekanbul\\test.js",
          "file": "\\test.js",
          "beforeHooks": [],
          "afterHooks": [],
          "tests": [
            {
              "title": "Yorum ekle:",
              "fullTitle": "POST /api/mekanlar/:mekanid/yorumlar Yorum ekle:",
              "timedOut": false,
              "duration": 5,
              "state": "failed",
              "speed": null,
              "pass": false,
              "fail": true,
              "pending": false,
              "context": null,
              "code": "const response = await request\n  .post(`/api/mekanlar/${process.env.mekanid}/yorumlar`)\n  .send({\n    yorumYapan: \"ASY\",\n    puan: 5,\n    yorumMetni: \"Kahveler harika\",\n  });\nprocess.env.yorumid = response.body._id;\nexpect(response.status).to.eql(201);",
              "err": {
                "message": "AssertionError: expected 400 to deeply equal 201",
                "estack": "AssertionError: expected 400 to deeply equal 201\n    at Context.<anonymous> (test.js:75:32)\n    at process.processTicksAndRejections (node:internal/process/task_queues:95:5)",
                "diff": "- 400\n+ 201\n"
              },
              "uuid": "4bf4c127-dfb1-4330-93fe-416d41d783f8",
              "parentUUID": "3ed573e7-4def-491a-a12c-e5a27fc5c6fb",
              "isHook": false,
              "skipped": false
            }
          ],
          "suites": [],
          "passes": [],
          "failures": [
            "4bf4c127-dfb1-4330-93fe-416d41d783f8"
          ],
          "pending": [],
          "skipped": [],
          "duration": 5,
          "root": false,
          "rootEmpty": false,
          "_timeout": 10000
        },
        {
          "uuid": "3a3cd15a-dbc5-49f5-9ebd-6d40d7756c91",
          "title": "GET /api/mekanlar/:mekanid/yorumlar/:yorumid",
          "fullFile": "C:\\Users\\Baki\\Desktop\\mekanbul\\test.js",
          "file": "\\test.js",
          "beforeHooks": [],
          "afterHooks": [],
          "tests": [
            {
              "title": "Yorum getir:",
              "fullTitle": "GET /api/mekanlar/:mekanid/yorumlar/:yorumid Yorum getir:",
              "timedOut": false,
              "duration": 6,
              "state": "failed",
              "speed": null,
              "pass": false,
              "fail": true,
              "pending": false,
              "context": null,
              "code": "const response = await request.get(\n  `/api/mekanlar/${process.env.mekanid}/yorumlar/${process.env.yorumid}`\n);\nexpect(response.status).to.eql(200);",
              "err": {
                "message": "AssertionError: expected 404 to deeply equal 200",
                "estack": "AssertionError: expected 404 to deeply equal 200\n    at Context.<anonymous> (test.js:84:32)\n    at process.processTicksAndRejections (node:internal/process/task_queues:95:5)",
                "diff": "- 404\n+ 200\n"
              },
              "uuid": "fc7c4d03-6a52-4da1-b80b-0a24d80b8a9e",
              "parentUUID": "3a3cd15a-dbc5-49f5-9ebd-6d40d7756c91",
              "isHook": false,
              "skipped": false
            }
          ],
          "suites": [],
          "passes": [],
          "failures": [
            "fc7c4d03-6a52-4da1-b80b-0a24d80b8a9e"
          ],
          "pending": [],
          "skipped": [],
          "duration": 6,
          "root": false,
          "rootEmpty": false,
          "_timeout": 10000
        },
        {
          "uuid": "4cf7045d-476f-4efc-9427-96e2106d76d8",
          "title": "PUT /api/mekanlar/:mekanid/yorumlar/:yorumid",
          "fullFile": "C:\\Users\\Baki\\Desktop\\mekanbul\\test.js",
          "file": "\\test.js",
          "beforeHooks": [],
          "afterHooks": [],
          "tests": [
            {
              "title": "Yorum güncelle:",
              "fullTitle": "PUT /api/mekanlar/:mekanid/yorumlar/:yorumid Yorum güncelle:",
              "timedOut": false,
              "duration": 4,
              "state": "failed",
              "speed": null,
              "pass": false,
              "fail": true,
              "pending": false,
              "context": null,
              "code": "const response = await request\n  .put(\n    `/api/mekanlar/${process.env.mekanid}/yorumlar/${process.env.yorumid}`\n  )\n  .send({\n    yorumYapan: \"Sinan\",\n    puan: 4,\n    yorumMetni: \"Kahveler harikaaaa\",\n  });\nexpect(response.status).to.eql(200);",
              "err": {
                "message": "AssertionError: expected 404 to deeply equal 200",
                "estack": "AssertionError: expected 404 to deeply equal 200\n    at Context.<anonymous> (test.js:99:32)\n    at process.processTicksAndRejections (node:internal/process/task_queues:95:5)",
                "diff": "- 404\n+ 200\n"
              },
              "uuid": "7c280a39-41b7-4e73-823c-0da78264ae78",
              "parentUUID": "4cf7045d-476f-4efc-9427-96e2106d76d8",
              "isHook": false,
              "skipped": false
            }
          ],
          "suites": [],
          "passes": [],
          "failures": [
            "7c280a39-41b7-4e73-823c-0da78264ae78"
          ],
          "pending": [],
          "skipped": [],
          "duration": 4,
          "root": false,
          "rootEmpty": false,
          "_timeout": 10000
        },
        {
          "uuid": "3e3a5f29-a002-407f-bb0f-3ca25e49f08a",
          "title": "DELETE /api/mekanlar/:mekanid/yorumlar/:yorumid",
          "fullFile": "C:\\Users\\Baki\\Desktop\\mekanbul\\test.js",
          "file": "\\test.js",
          "beforeHooks": [],
          "afterHooks": [],
          "tests": [
            {
              "title": "Yorum sil:",
              "fullTitle": "DELETE /api/mekanlar/:mekanid/yorumlar/:yorumid Yorum sil:",
              "timedOut": false,
              "duration": 4,
              "state": "failed",
              "speed": null,
              "pass": false,
              "fail": true,
              "pending": false,
              "context": null,
              "code": "const response = await request.delete(\n  `/api/mekanlar/${process.env.mekanid}/yorumlar/${process.env.yorumid}`\n);\nexpect(response.status).to.eql(200);",
              "err": {
                "message": "AssertionError: expected 404 to deeply equal 200",
                "estack": "AssertionError: expected 404 to deeply equal 200\n    at Context.<anonymous> (test.js:108:32)\n    at process.processTicksAndRejections (node:internal/process/task_queues:95:5)",
                "diff": "- 404\n+ 200\n"
              },
              "uuid": "790c8b03-ce84-4254-9ae8-ab5ba060daa4",
              "parentUUID": "3e3a5f29-a002-407f-bb0f-3ca25e49f08a",
              "isHook": false,
              "skipped": false
            }
          ],
          "suites": [],
          "passes": [],
          "failures": [
            "790c8b03-ce84-4254-9ae8-ab5ba060daa4"
          ],
          "pending": [],
          "skipped": [],
          "duration": 4,
          "root": false,
          "rootEmpty": false,
          "_timeout": 10000
        },
        {
          "uuid": "e2d0f60b-2134-434f-8506-685fb64e094b",
          "title": "DELETE /api/mekanlar/:mekanid",
          "fullFile": "C:\\Users\\Baki\\Desktop\\mekanbul\\test.js",
          "file": "\\test.js",
          "beforeHooks": [],
          "afterHooks": [],
          "tests": [
            {
              "title": "Mekan sil:",
              "fullTitle": "DELETE /api/mekanlar/:mekanid Mekan sil:",
              "timedOut": false,
              "duration": 5,
              "state": "failed",
              "speed": null,
              "pass": false,
              "fail": true,
              "pending": false,
              "context": null,
              "code": "const response = await request.delete(\n  `/api/mekanlar/${process.env.mekanid}`\n);\nexpect(response.status).to.eql(200);",
              "err": {
                "message": "AssertionError: expected 404 to deeply equal 200",
                "estack": "AssertionError: expected 404 to deeply equal 200\n    at Context.<anonymous> (test.js:117:32)\n    at process.processTicksAndRejections (node:internal/process/task_queues:95:5)",
                "diff": "- 404\n+ 200\n"
              },
              "uuid": "3a4df691-1a1c-437f-b913-651a0cc0b05a",
              "parentUUID": "e2d0f60b-2134-434f-8506-685fb64e094b",
              "isHook": false,
              "skipped": false
            }
          ],
          "suites": [],
          "passes": [],
          "failures": [
            "3a4df691-1a1c-437f-b913-651a0cc0b05a"
          ],
          "pending": [],
          "skipped": [],
          "duration": 5,
          "root": false,
          "rootEmpty": false,
          "_timeout": 10000
        }
      ],
      "passes": [],
      "failures": [],
      "pending": [],
      "skipped": [],
      "duration": 0,
      "root": true,
      "rootEmpty": true,
      "_timeout": 10000
    }
  ],
  "meta": {
    "mocha": {
      "version": "10.1.0"
    },
    "mochawesome": {
      "options": {
        "quiet": false,
        "reportFilename": "mochawesome",
        "saveHtml": true,
        "saveJson": true,
        "consoleReporter": "spec",
        "useInlineDiffs": false,
        "code": true
      },
      "version": "7.1.3"
    },
    "marge": {
      "options": null,
      "version": "6.2.0"
    }
  }
}